#
# There is insufficient memory for the Java Runtime Environment to continue.
# Native memory allocation (malloc) failed to allocate 347936 bytes for Chunk::new
# Possible reasons:
#   The system is out of physical RAM or swap space
#   The process is running with CompressedOops enabled, and the Java Heap may be blocking the growth of the native heap
# Possible solutions:
#   Reduce memory load on the system
#   Increase physical memory or swap space
#   Check if swap backing store is full
#   Decrease Java heap size (-Xmx/-Xms)
#   Decrease number of Java threads
#   Decrease Java thread stack sizes (-Xss)
#   Set larger code cache with -XX:ReservedCodeCacheSize=
#   JVM is running with Zero Based Compressed Oops mode in which the Java heap is
#     placed in the first 32GB address space. The Java Heap base address is the
#     maximum limit for the native heap growth. Please use -XX:HeapBaseMinAddress
#     to set the Java Heap base and to place the Java Heap above 32GB virtual address.
# This output file may be truncated or incomplete.
#
#  Out of Memory Error (arena.cpp:189), pid=20744, tid=8872
#
# JRE version: Java(TM) SE Runtime Environment (17.0.1+12) (build 17.0.1+12-LTS-39)
# Java VM: Java HotSpot(TM) 64-Bit Server VM (17.0.1+12-LTS-39, mixed mode, sharing, tiered, compressed oops, compressed class ptrs, g1 gc, windows-amd64)
# No core dump will be written. Minidumps are not enabled by default on client versions of Windows
#

---------------  S U M M A R Y ------------

Command Line: -javaagent:C:\Users\lhs49\AppData\Local\JetBrains\Toolbox\apps\IDEA-C\ch-0\231.9011.34\lib\idea_rt.jar=49413:C:\Users\lhs49\AppData\Local\JetBrains\Toolbox\apps\IDEA-C\ch-0\231.9011.34\bin -Dfile.encoding=UTF-8 com.familyfirstsoftware.Spring.Portfolio.Backend.SpringPortfolioBackendApplication

Host: Intel(R) Core(TM) i7-7700K CPU @ 4.20GHz, 8 cores, 15G,  Windows 10 , 64 bit Build 19041 (10.0.19041.3155)
Time: Wed Aug  9 07:19:28 2023 Pacific Daylight Time elapsed time: 1766.414830 seconds (0d 0h 29m 26s)

---------------  T H R E A D  ---------------

Current thread (0x000002bbf7be8f10):  JavaThread "C2 CompilerThread0" daemon [_thread_in_native, id=8872, stack(0x000000da5a400000,0x000000da5a500000)]


Current CompileTask:
C2:1766414 5542   !   4       java.util.concurrent.ConcurrentHashMap::putVal (432 bytes)

Stack: [0x000000da5a400000,0x000000da5a500000]
Native frames: (J=compiled Java code, j=interpreted, Vv=VM code, C=native code)
V  [jvm.dll+0x66fa1a]
V  [jvm.dll+0x7ce5a4]
V  [jvm.dll+0x7cfd4e]
V  [jvm.dll+0x7d03b3]
V  [jvm.dll+0x242b05]
V  [jvm.dll+0xaa05b]
V  [jvm.dll+0xaa5ec]
V  [jvm.dll+0x2a953f]
V  [jvm.dll+0x5785a9]
V  [jvm.dll+0x21dd7d]
V  [jvm.dll+0x21e15f]
V  [jvm.dll+0x217a2a]
V  [jvm.dll+0x214f05]
V  [jvm.dll+0x1a168d]
V  [jvm.dll+0x224848]
V  [jvm.dll+0x2229ac]
V  [jvm.dll+0x78435b]
V  [jvm.dll+0x77e91a]
V  [jvm.dll+0x66e845]
C  [ucrtbase.dll+0x21bb2]
C  [KERNEL32.DLL+0x17614]
C  [ntdll.dll+0x526b1]


---------------  P R O C E S S  ---------------

Threads class SMR info:
_java_thread_list=0x000002bbf898f150, length=31, elements={
0x000002bbf7bd0a30, 0x000002bbf7bd17b0, 0x000002bbf7be3610, 0x000002bbf7be50e0,
0x000002bbf7be79b0, 0x000002bbf7be8270, 0x000002bbf7be8f10, 0x000002bbf7be98c0,
0x000002bbf7bec970, 0x000002bbf88986d0, 0x000002bbf8cd3180, 0x000002bbfd329020,
0x000002bbfd1f4ce0, 0x000002bbfa062840, 0x000002bbfd3c8a80, 0x000002bbfacd1a00,
0x000002bbfacd06c0, 0x000002bbfacd1530, 0x000002bbfacd0b90, 0x000002bbfacd1ed0,
0x000002bbfacd2870, 0x000002bbfacd2d40, 0x000002bbfacd36e0, 0x000002bbfaccfd20,
0x000002bbfacd01f0, 0x000002bbfdc9c350, 0x000002bbfdc9b4e0, 0x000002bbfdc9ab40,
0x000002bbfdc9b9b0, 0x000002bbfdc9be80, 0x000002bbfdc98990
}

Java Threads: ( => current thread )
  0x000002bbf7bd0a30 JavaThread "Reference Handler" daemon [_thread_blocked, id=1388, stack(0x000000da59e00000,0x000000da59f00000)]
  0x000002bbf7bd17b0 JavaThread "Finalizer" daemon [_thread_blocked, id=13772, stack(0x000000da59f00000,0x000000da5a000000)]
  0x000002bbf7be3610 JavaThread "Signal Dispatcher" daemon [_thread_blocked, id=8256, stack(0x000000da5a000000,0x000000da5a100000)]
  0x000002bbf7be50e0 JavaThread "Attach Listener" daemon [_thread_blocked, id=19404, stack(0x000000da5a100000,0x000000da5a200000)]
  0x000002bbf7be79b0 JavaThread "Service Thread" daemon [_thread_blocked, id=20912, stack(0x000000da5a200000,0x000000da5a300000)]
  0x000002bbf7be8270 JavaThread "Monitor Deflation Thread" daemon [_thread_blocked, id=14944, stack(0x000000da5a300000,0x000000da5a400000)]
=>0x000002bbf7be8f10 JavaThread "C2 CompilerThread0" daemon [_thread_in_native, id=8872, stack(0x000000da5a400000,0x000000da5a500000)]
  0x000002bbf7be98c0 JavaThread "C1 CompilerThread0" daemon [_thread_blocked, id=8268, stack(0x000000da5a500000,0x000000da5a600000)]
  0x000002bbf7bec970 JavaThread "Sweeper thread" daemon [_thread_blocked, id=21180, stack(0x000000da5a600000,0x000000da5a700000)]
  0x000002bbf88986d0 JavaThread "Common-Cleaner" daemon [_thread_blocked, id=12992, stack(0x000000da5a700000,0x000000da5a800000)]
  0x000002bbf8cd3180 JavaThread "Notification Thread" daemon [_thread_blocked, id=10740, stack(0x000000da5a900000,0x000000da5aa00000)]
  0x000002bbfd329020 JavaThread "Catalina-utility-1" [_thread_blocked, id=2024, stack(0x000000da5b500000,0x000000da5b600000)]
  0x000002bbfd1f4ce0 JavaThread "Catalina-utility-2" [_thread_blocked, id=13308, stack(0x000000da5b600000,0x000000da5b700000)]
  0x000002bbfa062840 JavaThread "container-0" [_thread_blocked, id=20572, stack(0x000000da5b700000,0x000000da5b800000)]
  0x000002bbfd3c8a80 JavaThread "mysql-cj-abandoned-connection-cleanup" daemon [_thread_blocked, id=18216, stack(0x000000da5b800000,0x000000da5b900000)]
  0x000002bbfacd1a00 JavaThread "HikariPool-1 housekeeper" daemon [_thread_blocked, id=14356, stack(0x000000da5ba00000,0x000000da5bb00000)]
  0x000002bbfacd06c0 JavaThread "http-nio-8080-exec-1" daemon [_thread_blocked, id=7348, stack(0x000000da5bb00000,0x000000da5bc00000)]
  0x000002bbfacd1530 JavaThread "http-nio-8080-exec-2" daemon [_thread_blocked, id=15916, stack(0x000000da5bc00000,0x000000da5bd00000)]
  0x000002bbfacd0b90 JavaThread "http-nio-8080-exec-3" daemon [_thread_blocked, id=7860, stack(0x000000da5bd00000,0x000000da5be00000)]
  0x000002bbfacd1ed0 JavaThread "http-nio-8080-exec-4" daemon [_thread_blocked, id=3308, stack(0x000000da5be00000,0x000000da5bf00000)]
  0x000002bbfacd2870 JavaThread "http-nio-8080-exec-5" daemon [_thread_blocked, id=20044, stack(0x000000da5bf00000,0x000000da5c000000)]
  0x000002bbfacd2d40 JavaThread "http-nio-8080-exec-6" daemon [_thread_blocked, id=7744, stack(0x000000da5c000000,0x000000da5c100000)]
  0x000002bbfacd36e0 JavaThread "http-nio-8080-exec-7" daemon [_thread_blocked, id=13340, stack(0x000000da5c100000,0x000000da5c200000)]
  0x000002bbfaccfd20 JavaThread "http-nio-8080-exec-8" daemon [_thread_blocked, id=3320, stack(0x000000da5c200000,0x000000da5c300000)]
  0x000002bbfacd01f0 JavaThread "http-nio-8080-exec-9" daemon [_thread_blocked, id=16756, stack(0x000000da5c300000,0x000000da5c400000)]
  0x000002bbfdc9c350 JavaThread "http-nio-8080-exec-10" daemon [_thread_blocked, id=14428, stack(0x000000da5c400000,0x000000da5c500000)]
  0x000002bbfdc9b4e0 JavaThread "http-nio-8080-Poller" daemon [_thread_in_native, id=12196, stack(0x000000da5c500000,0x000000da5c600000)]
  0x000002bbfdc9ab40 JavaThread "http-nio-8080-Acceptor" daemon [_thread_in_native, id=18008, stack(0x000000da5c600000,0x000000da5c700000)]
  0x000002bbfdc9b9b0 JavaThread "DestroyJavaVM" [_thread_blocked, id=19084, stack(0x000000da59700000,0x000000da59800000)]
  0x000002bbfdc9be80 JavaThread "HikariPool-1 connection closer" daemon [_thread_blocked, id=19068, stack(0x000000da59400000,0x000000da59500000)]
  0x000002bbfdc98990 JavaThread "HikariPool-1 connection adder" daemon [_thread_blocked, id=1096, stack(0x000000da59500000,0x000000da59600000)]

Other Threads:
  0x000002bbf7bcaac0 VMThread "VM Thread" [stack: 0x000000da59d00000,0x000000da59e00000] [id=17908]
  0x000002bbd4ecc420 WatcherThread [stack: 0x000000da5aa00000,0x000000da5ab00000] [id=20228]
  0x000002bbd4f1a740 GCTaskThread "GC Thread#0" [stack: 0x000000da59800000,0x000000da59900000] [id=21416]
  0x000002bbf8eb7060 GCTaskThread "GC Thread#1" [stack: 0x000000da5ad00000,0x000000da5ae00000] [id=19624]
  0x000002bbf8eb7310 GCTaskThread "GC Thread#2" [stack: 0x000000da5ae00000,0x000000da5af00000] [id=13024]
  0x000002bbf9baa710 GCTaskThread "GC Thread#3" [stack: 0x000000da5af00000,0x000000da5b000000] [id=6300]
  0x000002bbf9baa9c0 GCTaskThread "GC Thread#4" [stack: 0x000000da5b000000,0x000000da5b100000] [id=8828]
  0x000002bbf922e820 GCTaskThread "GC Thread#5" [stack: 0x000000da5b100000,0x000000da5b200000] [id=5348]
  0x000002bbf98ebdf0 GCTaskThread "GC Thread#6" [stack: 0x000000da5ac00000,0x000000da5ad00000] [id=7284]
  0x000002bbf95841f0 GCTaskThread "GC Thread#7" [stack: 0x000000da5b200000,0x000000da5b300000] [id=2164]
  0x000002bbd4f2c4e0 ConcurrentGCThread "G1 Main Marker" [stack: 0x000000da59900000,0x000000da59a00000] [id=11044]
  0x000002bbd4f2ce00 ConcurrentGCThread "G1 Conc#0" [stack: 0x000000da59a00000,0x000000da59b00000] [id=20768]
  0x000002bbfa0b1870 ConcurrentGCThread "G1 Conc#1" [stack: 0x000000da5b400000,0x000000da5b500000] [id=11340]
  0x000002bbd4f9e440 ConcurrentGCThread "G1 Refine#0" [stack: 0x000000da59b00000,0x000000da59c00000] [id=6016]
  0x000002bbf7a850e0 ConcurrentGCThread "G1 Service" [stack: 0x000000da59c00000,0x000000da59d00000] [id=13364]

Threads with active compile tasks:
C2 CompilerThread0  1766458 5542   !   4       java.util.concurrent.ConcurrentHashMap::putVal (432 bytes)

VM state: not at safepoint (normal execution)

VM Mutex/Monitor currently owned by a thread: None

Heap address: 0x0000000700c00000, size: 4084 MB, Compressed Oops mode: Zero based, Oop shift amount: 3

CDS archive(s) mapped at: [0x0000000800000000-0x0000000800bc0000-0x0000000800bc0000), size 12320768, SharedBaseAddress: 0x0000000800000000, ArchiveRelocationMode: 0.
Compressed class space mapped at: 0x0000000800c00000-0x0000000840c00000, reserved size: 1073741824
Narrow klass base: 0x0000000800000000, Narrow klass shift: 0, Narrow klass range: 0x100000000

GC Precious Log:
 CPUs: 8 total, 8 available
 Memory: 16328M
 Large Page Support: Disabled
 NUMA Support: Disabled
 Compressed Oops: Enabled (Zero based)
 Heap Region Size: 2M
 Heap Min Capacity: 8M
 Heap Initial Capacity: 256M
 Heap Max Capacity: 4084M
 Pre-touch: Disabled
 Parallel Workers: 8
 Concurrent Workers: 2
 Concurrent Refinement Workers: 8
 Periodic GC: Disabled

Heap:
 garbage-first heap   total 61440K, used 37504K [0x0000000700c00000, 0x0000000800000000)
  region size 2048K, 8 young (16384K), 2 survivors (4096K)
 Metaspace       used 58991K, committed 59520K, reserved 1105920K
  class space    used 8068K, committed 8320K, reserved 1048576K

Heap Regions: E=young(eden), S=young(survivor), O=old, HS=humongous(starts), HC=humongous(continues), CS=collection set, F=free, OA=open archive, CA=closed archive, TAMS=top-at-mark-start (previous, next)
|   0|0x0000000700c00000, 0x0000000700e00000, 0x0000000700e00000|100%| O|  |TAMS 0x0000000700e00000, 0x0000000700c00000| Untracked 
|   1|0x0000000700e00000, 0x0000000701000000, 0x0000000701000000|100%| O|  |TAMS 0x0000000701000000, 0x0000000700e00000| Untracked 
|   2|0x0000000701000000, 0x0000000701200000, 0x0000000701200000|100%| O|  |TAMS 0x0000000701200000, 0x0000000701000000| Untracked 
|   3|0x0000000701200000, 0x0000000701243200, 0x0000000701400000| 13%| O|  |TAMS 0x0000000701243200, 0x0000000701200000| Untracked 
|   4|0x0000000701400000, 0x0000000701600000, 0x0000000701600000|100%| O|  |TAMS 0x0000000701600000, 0x0000000701400000| Untracked 
|   5|0x0000000701600000, 0x0000000701800000, 0x0000000701800000|100%| O|  |TAMS 0x0000000701800000, 0x0000000701600000| Untracked 
|   6|0x0000000701800000, 0x0000000701a00000, 0x0000000701a00000|100%| O|  |TAMS 0x0000000701a00000, 0x0000000701800000| Untracked 
|   7|0x0000000701a00000, 0x0000000701c00000, 0x0000000701c00000|100%| O|  |TAMS 0x0000000701c00000, 0x0000000701a00000| Untracked 
|   8|0x0000000701c00000, 0x0000000701e00000, 0x0000000701e00000|100%| O|  |TAMS 0x0000000701d71c00, 0x0000000701c00000| Untracked 
|   9|0x0000000701e00000, 0x0000000702000000, 0x0000000702000000|100%| O|  |TAMS 0x0000000701e00000, 0x0000000701e00000| Untracked 
|  10|0x0000000702000000, 0x0000000702200000, 0x0000000702200000|100%| O|  |TAMS 0x0000000702000000, 0x0000000702000000| Untracked 
|  11|0x0000000702200000, 0x0000000702400000, 0x0000000702400000|100%| O|  |TAMS 0x0000000702200000, 0x0000000702200000| Untracked 
|  12|0x0000000702400000, 0x00000007024a1200, 0x0000000702600000| 31%| O|  |TAMS 0x0000000702400000, 0x0000000702400000| Untracked 
|  13|0x0000000702600000, 0x0000000702600000, 0x0000000702800000|  0%| F|  |TAMS 0x0000000702600000, 0x0000000702600000| Untracked 
|  14|0x0000000702800000, 0x0000000702800000, 0x0000000702a00000|  0%| F|  |TAMS 0x0000000702800000, 0x0000000702800000| Untracked 
|  15|0x0000000702a00000, 0x0000000702a00000, 0x0000000702c00000|  0%| F|  |TAMS 0x0000000702a00000, 0x0000000702a00000| Untracked 
|  16|0x0000000702c00000, 0x0000000702c00000, 0x0000000702e00000|  0%| F|  |TAMS 0x0000000702c00000, 0x0000000702c00000| Untracked 
|  17|0x0000000702e00000, 0x0000000702e00000, 0x0000000703000000|  0%| F|  |TAMS 0x0000000702e00000, 0x0000000702e00000| Untracked 
|  18|0x0000000703000000, 0x00000007031bbec0, 0x0000000703200000| 86%| S|CS|TAMS 0x0000000703000000, 0x0000000703000000| Complete 
|  19|0x0000000703200000, 0x0000000703400000, 0x0000000703400000|100%| S|CS|TAMS 0x0000000703200000, 0x0000000703200000| Complete 
|  20|0x0000000703400000, 0x0000000703400000, 0x0000000703600000|  0%| F|  |TAMS 0x0000000703400000, 0x0000000703400000| Untracked 
|  21|0x0000000703600000, 0x0000000703600000, 0x0000000703800000|  0%| F|  |TAMS 0x0000000703600000, 0x0000000703600000| Untracked 
|  22|0x0000000703800000, 0x0000000703800000, 0x0000000703a00000|  0%| F|  |TAMS 0x0000000703800000, 0x0000000703800000| Untracked 
|  23|0x0000000703a00000, 0x0000000703a00000, 0x0000000703c00000|  0%| F|  |TAMS 0x0000000703a00000, 0x0000000703a00000| Untracked 
|  24|0x0000000703c00000, 0x0000000703c7b620, 0x0000000703e00000| 24%| E|  |TAMS 0x0000000703c00000, 0x0000000703c00000| Complete 
|  69|0x0000000709600000, 0x0000000709800000, 0x0000000709800000|100%| E|CS|TAMS 0x0000000709600000, 0x0000000709600000| Complete 
|  70|0x0000000709800000, 0x0000000709a00000, 0x0000000709a00000|100%| E|CS|TAMS 0x0000000709800000, 0x0000000709800000| Complete 
|  71|0x0000000709a00000, 0x0000000709c00000, 0x0000000709c00000|100%| E|CS|TAMS 0x0000000709a00000, 0x0000000709a00000| Complete 
|  72|0x0000000709c00000, 0x0000000709e00000, 0x0000000709e00000|100%| E|CS|TAMS 0x0000000709c00000, 0x0000000709c00000| Complete 
| 127|0x0000000710a00000, 0x0000000710c00000, 0x0000000710c00000|100%| E|CS|TAMS 0x0000000710a00000, 0x0000000710a00000| Complete 

Card table byte_map: [0x000002bbec200000,0x000002bbeca00000] _byte_map_base: 0x000002bbe89fa000

Marking Bits (Prev, Next): (CMBitMap*) 0x000002bbd4f1bc70, (CMBitMap*) 0x000002bbd4f1bcb0
 Prev Bits: [0x000002bbed200000, 0x000002bbf11d0000)
 Next Bits: [0x000002bbf11d0000, 0x000002bbf51a0000)

Polling page: 0x000002bbd2ea0000

Metaspace:

Usage:
  Non-class:     49.73 MB used.
      Class:      7.88 MB used.
       Both:     57.61 MB used.

Virtual space:
  Non-class space:       56.00 MB reserved,      50.00 MB ( 89%) committed,  7 nodes.
      Class space:        1.00 GB reserved,       8.12 MB ( <1%) committed,  1 nodes.
             Both:        1.05 GB reserved,      58.12 MB (  5%) committed. 

Chunk freelists:
   Non-Class:  1.95 MB
       Class:  3.70 MB
        Both:  5.65 MB

MaxMetaspaceSize: unlimited
CompressedClassSpaceSize: 1.00 GB
Initial GC threshold: 21.00 MB
Current GC threshold: 59.00 MB
CDS: on
MetaspaceReclaimPolicy: balanced
 - commit_granule_bytes: 65536.
 - commit_granule_words: 8192.
 - virtual_space_node_default_size: 1048576.
 - enlarge_chunks_in_place: 1.
 - new_chunks_are_fully_committed: 0.
 - uncommit_free_chunks: 1.
 - use_allocation_guard: 0.
 - handle_deallocations: 1.


Internal statistics:

num_allocs_failed_limit: 6.
num_arena_births: 662.
num_arena_deaths: 0.
num_vsnodes_births: 8.
num_vsnodes_deaths: 0.
num_space_committed: 930.
num_space_uncommitted: 0.
num_chunks_returned_to_freelist: 6.
num_chunks_taken_from_freelist: 2821.
num_chunk_merges: 6.
num_chunk_splits: 2053.
num_chunks_enlarged: 1626.
num_purges: 0.
num_inconsistent_stats: 0.

CodeHeap 'non-profiled nmethods': size=120000Kb used=3569Kb max_used=3569Kb free=116430Kb
 bounds [0x000002bbe41a0000, 0x000002bbe4550000, 0x000002bbeb6d0000]
CodeHeap 'profiled nmethods': size=120000Kb used=9407Kb max_used=9717Kb free=110592Kb
 bounds [0x000002bbdcc70000, 0x000002bbdd5f0000, 0x000002bbe41a0000]
CodeHeap 'non-nmethods': size=5760Kb used=1316Kb max_used=1422Kb free=4443Kb
 bounds [0x000002bbdc6d0000, 0x000002bbdc940000, 0x000002bbdcc70000]
 total_blobs=5411 nmethods=4767 adapters=556
 compilation: enabled
              stopped_count=0, restarted_count=0
 full_count=0

Compilation events (20 events):
Event: 1765.838 Thread 0x000002bbf7be98c0 nmethod 5535 0x000002bbdd496390 code [0x000002bbdd4965a0, 0x000002bbdd496c18]
Event: 1765.844 Thread 0x000002bbf7be98c0 5539       1       com.mysql.cj.protocol.a.NativeCapabilities::getServerVersion (5 bytes)
Event: 1765.844 Thread 0x000002bbf7be98c0 nmethod 5539 0x000002bbe420ec90 code [0x000002bbe420ee20, 0x000002bbe420eef8]
Event: 1766.350 Thread 0x000002bbf7be98c0 5540       3       java.util.regex.CharPredicates$$Lambda$124/0x0000000800cc7938::is (5 bytes)
Event: 1766.351 Thread 0x000002bbf7be8f10 5542   !   4       java.util.concurrent.ConcurrentHashMap::putVal (432 bytes)
Event: 1766.352 Thread 0x000002bbf7be98c0 nmethod 5540 0x000002bbdd495a90 code [0x000002bbdd495c60, 0x000002bbdd496078]
Event: 1766.352 Thread 0x000002bbf7be98c0 5541       3       java.util.regex.CharPredicates::lambda$ASCII_WORD$19 (20 bytes)
Event: 1766.353 Thread 0x000002bbf7be98c0 nmethod 5541 0x000002bbdcd9f610 code [0x000002bbdcd9f7c0, 0x000002bbdcd9fb38]
Event: 1766.353 Thread 0x000002bbf7be98c0 5544       3       java.lang.Character::digit (6 bytes)
Event: 1766.353 Thread 0x000002bbf7be98c0 nmethod 5544 0x000002bbdcd9f110 code [0x000002bbdcd9f2c0, 0x000002bbdcd9f518]
Event: 1766.353 Thread 0x000002bbf7be98c0 5543       1       com.mysql.cj.jdbc.ConnectionImpl::getPropertySet (5 bytes)
Event: 1766.354 Thread 0x000002bbf7be98c0 nmethod 5543 0x000002bbe4370110 code [0x000002bbe43702a0, 0x000002bbe4370378]
Event: 1766.388 Thread 0x000002bbf7be98c0 5545       3       java.util.Arrays::fill (21 bytes)
Event: 1766.390 Thread 0x000002bbf7be98c0 nmethod 5545 0x000002bbdcd9ec90 code [0x000002bbdcd9ee20, 0x000002bbdcd9efd8]
Event: 1766.391 Thread 0x000002bbf7be98c0 5546       3       sun.nio.ch.SocketDispatcher::read (8 bytes)
Event: 1766.391 Thread 0x000002bbf7be98c0 nmethod 5546 0x000002bbdcd9e910 code [0x000002bbdcd9eaa0, 0x000002bbdcd9ebe8]
Event: 1766.391 Thread 0x000002bbf7be98c0 5548   !   3       sun.nio.ch.NioSocketImpl::tryRead (87 bytes)
Event: 1766.393 Thread 0x000002bbf7be98c0 nmethod 5548 0x000002bbdcd9de10 code [0x000002bbdcd9e020, 0x000002bbdcd9e5b8]
Event: 1766.393 Thread 0x000002bbf7be98c0 5549       3       com.mysql.cj.protocol.a.NativeProtocol::checkErrorMessage (380 bytes)
Event: 1766.400 Thread 0x000002bbf7be98c0 nmethod 5549 0x000002bbdcd99890 code [0x000002bbdcd99e60, 0x000002bbdcd9cda8]

GC Heap History (20 events):
Event: 3.030 GC heap before
{Heap before GC invocations=2 (full 0):
 garbage-first heap   total 262144K, used 64187K [0x0000000700c00000, 0x0000000800000000)
  region size 2048K, 30 young (61440K), 2 survivors (4096K)
 Metaspace       used 15467K, committed 15744K, reserved 1064960K
  class space    used 1906K, committed 2048K, reserved 1048576K
}
Event: 3.037 GC heap after
{Heap after GC invocations=3 (full 0):
 garbage-first heap   total 262144K, used 10092K [0x0000000700c00000, 0x0000000800000000)
  region size 2048K, 2 young (4096K), 2 survivors (4096K)
 Metaspace       used 15467K, committed 15744K, reserved 1064960K
  class space    used 1906K, committed 2048K, reserved 1048576K
}
Event: 4.856 GC heap before
{Heap before GC invocations=3 (full 0):
 garbage-first heap   total 262144K, used 114540K [0x0000000700c00000, 0x0000000800000000)
  region size 2048K, 55 young (112640K), 2 survivors (4096K)
 Metaspace       used 21248K, committed 21504K, reserved 1073152K
  class space    used 2652K, committed 2752K, reserved 1048576K
}
Event: 4.862 GC heap after
{Heap after GC invocations=4 (full 0):
 garbage-first heap   total 262144K, used 12944K [0x0000000700c00000, 0x0000000800000000)
  region size 2048K, 4 young (8192K), 4 survivors (8192K)
 Metaspace       used 21248K, committed 21504K, reserved 1073152K
  class space    used 2652K, committed 2752K, reserved 1048576K
}
Event: 6.798 GC heap before
{Heap before GC invocations=5 (full 0):
 garbage-first heap   total 61440K, used 41616K [0x0000000700c00000, 0x0000000800000000)
  region size 2048K, 18 young (36864K), 4 survivors (8192K)
 Metaspace       used 27157K, committed 27520K, reserved 1073152K
  class space    used 3427K, committed 3584K, reserved 1048576K
}
Event: 6.809 GC heap after
{Heap after GC invocations=6 (full 0):
 garbage-first heap   total 61440K, used 16345K [0x0000000700c00000, 0x0000000800000000)
  region size 2048K, 2 young (4096K), 2 survivors (4096K)
 Metaspace       used 27157K, committed 27520K, reserved 1073152K
  class space    used 3427K, committed 3584K, reserved 1048576K
}
Event: 8.097 GC heap before
{Heap before GC invocations=6 (full 0):
 garbage-first heap   total 61440K, used 40921K [0x0000000700c00000, 0x0000000800000000)
  region size 2048K, 14 young (28672K), 2 survivors (4096K)
 Metaspace       used 32625K, committed 33088K, reserved 1081344K
  class space    used 4082K, committed 4288K, reserved 1048576K
}
Event: 8.102 GC heap after
{Heap after GC invocations=7 (full 0):
 garbage-first heap   total 61440K, used 18608K [0x0000000700c00000, 0x0000000800000000)
  region size 2048K, 2 young (4096K), 2 survivors (4096K)
 Metaspace       used 32625K, committed 33088K, reserved 1081344K
  class space    used 4082K, committed 4288K, reserved 1048576K
}
Event: 8.780 GC heap before
{Heap before GC invocations=7 (full 0):
 garbage-first heap   total 61440K, used 30896K [0x0000000700c00000, 0x0000000800000000)
  region size 2048K, 9 young (18432K), 2 survivors (4096K)
 Metaspace       used 35705K, committed 36096K, reserved 1081344K
  class space    used 4544K, committed 4736K, reserved 1048576K
}
Event: 8.783 GC heap after
{Heap after GC invocations=8 (full 0):
 garbage-first heap   total 61440K, used 19625K [0x0000000700c00000, 0x0000000800000000)
  region size 2048K, 1 young (2048K), 1 survivors (2048K)
 Metaspace       used 35705K, committed 36096K, reserved 1081344K
  class space    used 4544K, committed 4736K, reserved 1048576K
}
Event: 9.775 GC heap before
{Heap before GC invocations=9 (full 0):
 garbage-first heap   total 61440K, used 40105K [0x0000000700c00000, 0x0000000800000000)
  region size 2048K, 12 young (24576K), 1 survivors (2048K)
 Metaspace       used 41283K, committed 41728K, reserved 1089536K
  class space    used 5381K, committed 5632K, reserved 1048576K
}
Event: 9.776 GC heap after
{Heap after GC invocations=10 (full 0):
 garbage-first heap   total 61440K, used 20536K [0x0000000700c00000, 0x0000000800000000)
  region size 2048K, 1 young (2048K), 1 survivors (2048K)
 Metaspace       used 41283K, committed 41728K, reserved 1089536K
  class space    used 5381K, committed 5632K, reserved 1048576K
}
Event: 10.880 GC heap before
{Heap before GC invocations=10 (full 0):
 garbage-first heap   total 61440K, used 45112K [0x0000000700c00000, 0x0000000800000000)
  region size 2048K, 13 young (26624K), 1 survivors (2048K)
 Metaspace       used 48108K, committed 48576K, reserved 1097728K
  class space    used 6530K, committed 6784K, reserved 1048576K
}
Event: 10.882 GC heap after
{Heap after GC invocations=11 (full 0):
 garbage-first heap   total 61440K, used 21679K [0x0000000700c00000, 0x0000000800000000)
  region size 2048K, 2 young (4096K), 2 survivors (4096K)
 Metaspace       used 48108K, committed 48576K, reserved 1097728K
  class space    used 6530K, committed 6784K, reserved 1048576K
}
Event: 11.723 GC heap before
{Heap before GC invocations=11 (full 0):
 garbage-first heap   total 61440K, used 42159K [0x0000000700c00000, 0x0000000800000000)
  region size 2048K, 13 young (26624K), 2 survivors (4096K)
 Metaspace       used 52265K, committed 52800K, reserved 1097728K
  class space    used 7162K, committed 7424K, reserved 1048576K
}
Event: 11.729 GC heap after
{Heap after GC invocations=12 (full 0):
 garbage-first heap   total 61440K, used 23613K [0x0000000700c00000, 0x0000000800000000)
  region size 2048K, 2 young (4096K), 2 survivors (4096K)
 Metaspace       used 52265K, committed 52800K, reserved 1097728K
  class space    used 7162K, committed 7424K, reserved 1048576K
}
Event: 12.329 GC heap before
{Heap before GC invocations=12 (full 0):
 garbage-first heap   total 61440K, used 46141K [0x0000000700c00000, 0x0000000800000000)
  region size 2048K, 13 young (26624K), 2 survivors (4096K)
 Metaspace       used 54885K, committed 55360K, reserved 1097728K
  class space    used 7529K, committed 7744K, reserved 1048576K
}
Event: 12.332 GC heap after
{Heap after GC invocations=13 (full 0):
 garbage-first heap   total 61440K, used 25013K [0x0000000700c00000, 0x0000000800000000)
  region size 2048K, 2 young (4096K), 2 survivors (4096K)
 Metaspace       used 54885K, committed 55360K, reserved 1097728K
  class space    used 7529K, committed 7744K, reserved 1048576K
}
Event: 13.185 GC heap before
{Heap before GC invocations=13 (full 0):
 garbage-first heap   total 61440K, used 45493K [0x0000000700c00000, 0x0000000800000000)
  region size 2048K, 12 young (24576K), 2 survivors (4096K)
 Metaspace       used 57766K, committed 58304K, reserved 1105920K
  class space    used 7930K, committed 8192K, reserved 1048576K
}
Event: 13.188 GC heap after
{Heap after GC invocations=14 (full 0):
 garbage-first heap   total 61440K, used 27264K [0x0000000700c00000, 0x0000000800000000)
  region size 2048K, 2 young (4096K), 2 survivors (4096K)
 Metaspace       used 57766K, committed 58304K, reserved 1105920K
  class space    used 7930K, committed 8192K, reserved 1048576K
}

Deoptimization events (20 events):
Event: 13.349 Thread 0x000002bbd4ecb470 DEOPT PACKING pc=0x000002bbe4226a80 sp=0x000000da597feeb0
Event: 13.349 Thread 0x000002bbd4ecb470 DEOPT UNPACKING pc=0x000002bbdc7223a3 sp=0x000000da597fed40 mode 2
Event: 13.349 Thread 0x000002bbd4ecb470 Uncommon trap: trap_request=0xffffffde fr.pc=0x000002bbe4226a80 relative=0x0000000000000ea0
Event: 13.349 Thread 0x000002bbd4ecb470 Uncommon trap: reason=class_check action=maybe_recompile pc=0x000002bbe4226a80 method=org.springframework.core.annotation.AnnotationsScanner.processClassInheritedAnnotations(Ljava/lang/Object;Ljava/lang/Class;Lorg/springframework/core/annotation/MergedAnn
Event: 13.349 Thread 0x000002bbd4ecb470 DEOPT PACKING pc=0x000002bbe4226a80 sp=0x000000da597feeb0
Event: 13.349 Thread 0x000002bbd4ecb470 DEOPT UNPACKING pc=0x000002bbdc7223a3 sp=0x000000da597fed40 mode 2
Event: 13.478 Thread 0x000002bbd4ecb470 Uncommon trap: trap_request=0xffffff45 fr.pc=0x000002bbe420b260 relative=0x0000000000000060
Event: 13.478 Thread 0x000002bbd4ecb470 Uncommon trap: reason=unstable_if action=reinterpret pc=0x000002bbe420b260 method=org.springframework.util.ConcurrentReferenceHashMap$Segment.clear()V @ 7 c2
Event: 13.478 Thread 0x000002bbd4ecb470 DEOPT PACKING pc=0x000002bbe420b260 sp=0x000000da597ff020
Event: 13.478 Thread 0x000002bbd4ecb470 DEOPT UNPACKING pc=0x000002bbdc7223a3 sp=0x000000da597fefb0 mode 2
Event: 837.856 Thread 0x000002bbf8d040b0 DEOPT PACKING pc=0x000002bbdcccaebc sp=0x000000da5a8ff2e0
Event: 837.857 Thread 0x000002bbf8d040b0 DEOPT UNPACKING pc=0x000002bbdc722b43 sp=0x000000da5a8fe7e0 mode 1
Event: 1765.757 Thread 0x000002bbfdc98990 Uncommon trap: trap_request=0xffffff45 fr.pc=0x000002bbe41e0064 relative=0x00000000000006a4
Event: 1765.757 Thread 0x000002bbfdc98990 Uncommon trap: reason=unstable_if action=reinterpret pc=0x000002bbe41e0064 method=java.lang.AbstractStringBuilder.append(Ljava/lang/String;)Ljava/lang/AbstractStringBuilder; @ 1 c2
Event: 1765.757 Thread 0x000002bbfdc98990 DEOPT PACKING pc=0x000002bbe41e0064 sp=0x000000da595fe620
Event: 1765.757 Thread 0x000002bbfdc98990 DEOPT UNPACKING pc=0x000002bbdc7223a3 sp=0x000000da595fe5a0 mode 2
Event: 1766.354 Thread 0x000002bbfdc98990 Uncommon trap: trap_request=0xffffff45 fr.pc=0x000002bbe41daf04 relative=0x00000000000006c4
Event: 1766.354 Thread 0x000002bbfdc98990 Uncommon trap: reason=unstable_if action=reinterpret pc=0x000002bbe41daf04 method=java.lang.AbstractStringBuilder.append(Ljava/lang/String;)Ljava/lang/AbstractStringBuilder; @ 1 c2
Event: 1766.354 Thread 0x000002bbfdc98990 DEOPT PACKING pc=0x000002bbe41daf04 sp=0x000000da595fe5e0
Event: 1766.355 Thread 0x000002bbfdc98990 DEOPT UNPACKING pc=0x000002bbdc7223a3 sp=0x000000da595fe5b8 mode 2

Classes unloaded (0 events):
No events

Classes redefined (0 events):
No events

Internal exceptions (20 events):
Event: 11.765 Thread 0x000002bbd4ecb470 Implicit null exception at 0x000002bbe445b717 to 0x000002bbe4460070
Event: 11.784 Thread 0x000002bbd4ecb470 Exception <a 'java/lang/IncompatibleClassChangeError'{0x0000000709cc1630}: Found class java.lang.Object, but interface was expected> (0x0000000709cc1630) 
thrown [t:\workspace\open\src\hotspot\share\interpreter\linkResolver.cpp, line 833]
Event: 11.796 Thread 0x000002bbd4ecb470 Exception <a 'java/lang/NoSuchMethodError'{0x0000000709d1b4a8}: 'java.lang.Object java.lang.invoke.DirectMethodHandle$Holder.invokeSpecialIFC(java.lang.Object, java.lang.Object, java.lang.Object)'> (0x0000000709d1b4a8) 
thrown [t:\workspace\open\src\hotspot\share\interpreter\linkResolver.cpp, line 766]
Event: 12.116 Thread 0x000002bbd4ecb470 Exception <a 'java/lang/IncompatibleClassChangeError'{0x00000007097a9d80}: Found class java.lang.Object, but interface was expected> (0x00000007097a9d80) 
thrown [t:\workspace\open\src\hotspot\share\interpreter\linkResolver.cpp, line 833]
Event: 12.292 Thread 0x000002bbd4ecb470 Exception <a 'java/lang/NoSuchMethodError'{0x00000007032d3f90}: 'java.lang.Object java.lang.invoke.DirectMethodHandle$Holder.invokeVirtual(java.lang.Object, java.lang.Object, int)'> (0x00000007032d3f90) 
thrown [t:\workspace\open\src\hotspot\share\interpreter\linkResolver.cpp, line 766]
Event: 12.299 Thread 0x000002bbd4ecb470 Exception <a 'java/lang/NoSuchMethodError'{0x0000000703322dd8}: 'java.lang.Object java.lang.invoke.DirectMethodHandle$Holder.invokeSpecialIFC(java.lang.Object, java.lang.Object, java.lang.Object, java.lang.Object, java.lang.Object)'> (0x0000000703322dd8) 
thrown [t:\workspace\open\src\hotspot\share\interpreter\linkResolver.cpp, line 766]
Event: 12.410 Thread 0x000002bbd4ecb470 Implicit null exception at 0x000002bbe4363b33 to 0x000002bbe4364118
Event: 12.411 Thread 0x000002bbd4ecb470 Exception <a 'java/lang/reflect/InvocationTargetException'{0x0000000710bd1898}> (0x0000000710bd1898) 
thrown [t:\workspace\open\src\hotspot\share\runtime\reflection.cpp, line 1121]
Event: 12.412 Thread 0x000002bbd4ecb470 Exception <a 'java/lang/reflect/InvocationTargetException'{0x0000000710bd7cd8}> (0x0000000710bd7cd8) 
thrown [t:\workspace\open\src\hotspot\share\runtime\reflection.cpp, line 1121]
Event: 12.713 Thread 0x000002bbd4ecb470 Exception <a 'java/lang/NoSuchMethodError'{0x00000007099ca7d0}: 'void java.lang.invoke.DirectMethodHandle$Holder.invokeVirtual(java.lang.Object, java.lang.Object, long)'> (0x00000007099ca7d0) 
thrown [t:\workspace\open\src\hotspot\share\interpreter\linkResolver.cpp, line 766]
Event: 12.932 Thread 0x000002bbd4ecb470 Exception <a 'java/lang/IncompatibleClassChangeError'{0x0000000703bc3f20}: Found class java.lang.Object, but interface was expected> (0x0000000703bc3f20) 
thrown [t:\workspace\open\src\hotspot\share\interpreter\linkResolver.cpp, line 833]
Event: 13.038 Thread 0x000002bbd4ecb470 Exception <a 'java/lang/NoSuchMethodError'{0x000000070366aac0}: 'int java.lang.invoke.DirectMethodHandle$Holder.invokeStaticInit(java.lang.Object, java.lang.Object, java.lang.Object, java.lang.Object)'> (0x000000070366aac0) 
thrown [t:\workspace\open\src\hotspot\share\interpreter\linkResolver.cpp, line 766]
Event: 13.086 Thread 0x000002bbd4ecb470 Implicit null exception at 0x000002bbe42d7040 to 0x000002bbe42d7264
Event: 13.364 Thread 0x000002bbd4ecb470 Exception <a 'java/lang/NoSuchMethodError'{0x0000000709b8e9f0}: 'java.lang.Object java.lang.invoke.DirectMethodHandle$Holder.newInvokeSpecial(java.lang.Object, java.lang.Object, int, java.lang.Object, java.lang.Object)'> (0x0000000709b8e9f0) 
thrown [t:\workspace\open\src\hotspot\share\interpreter\linkResolver.cpp, line 766]
Event: 13.365 Thread 0x000002bbd4ecb470 Exception <a 'java/lang/NoSuchMethodError'{0x0000000709b99ee0}: 'java.lang.Object java.lang.invoke.DirectMethodHandle$Holder.invokeSpecial(java.lang.Object, java.lang.Object, int, java.lang.Object, int, java.lang.Object)'> (0x0000000709b99ee0) 
thrown [t:\workspace\open\src\hotspot\share\interpreter\linkResolver.cpp, line 766]
Event: 13.365 Thread 0x000002bbd4ecb470 Exception <a 'java/lang/NoSuchMethodError'{0x0000000709ba1978}: 'java.lang.Object java.lang.invoke.DirectMethodHandle$Holder.newInvokeSpecial(java.lang.Object, java.lang.Object, int, java.lang.Object, int)'> (0x0000000709ba1978) 
thrown [t:\workspace\open\src\hotspot\share\interpreter\linkResolver.cpp, line 766]
Event: 13.366 Thread 0x000002bbd4ecb470 Exception <a 'java/lang/NoSuchMethodError'{0x0000000709ba5a30}: 'java.lang.Object java.lang.invoke.DirectMethodHandle$Holder.invokeSpecial(java.lang.Object, java.lang.Object, java.lang.Object, int, java.lang.Object, int)'> (0x0000000709ba5a30) 
thrown [t:\workspace\open\src\hotspot\share\interpreter\linkResolver.cpp, line 766]
Event: 837.850 Thread 0x000002bbf8d040b0 Exception <a 'sun/net/ConnectionResetException'{0x000000070969e670}: Connection reset> (0x000000070969e670) 
thrown [t:\workspace\open\src\hotspot\share\prims\jni.cpp, line 535]
Event: 1765.757 Thread 0x000002bbfdc98990 Implicit null exception at 0x000002bbe41df9f2 to 0x000002bbe41e004c
Event: 1766.354 Thread 0x000002bbfdc98990 Implicit null exception at 0x000002bbe41da872 to 0x000002bbe41daeec

VM Operations (20 events):
Event: 267.405 Executing VM operation: Cleanup
Event: 267.405 Executing VM operation: Cleanup done
Event: 414.738 Executing VM operation: Cleanup
Event: 414.738 Executing VM operation: Cleanup done
Event: 417.766 Executing VM operation: Cleanup
Event: 417.766 Executing VM operation: Cleanup done
Event: 553.894 Executing VM operation: Cleanup
Event: 553.895 Executing VM operation: Cleanup done
Event: 657.766 Executing VM operation: Cleanup
Event: 657.766 Executing VM operation: Cleanup done
Event: 858.687 Executing VM operation: Cleanup
Event: 858.687 Executing VM operation: Cleanup done
Event: 1052.526 Executing VM operation: Cleanup
Event: 1052.526 Executing VM operation: Cleanup done
Event: 1078.746 Executing VM operation: Cleanup
Event: 1078.747 Executing VM operation: Cleanup done
Event: 1496.581 Executing VM operation: Cleanup
Event: 1496.581 Executing VM operation: Cleanup done
Event: 1766.241 Executing VM operation: Cleanup
Event: 1766.241 Executing VM operation: Cleanup done

Events (20 events):
Event: 1765.741 loading class javax/crypto/IllegalBlockSizeException
Event: 1765.741 loading class javax/crypto/IllegalBlockSizeException done
Event: 1765.741 loading class javax/crypto/BadPaddingException
Event: 1765.742 loading class javax/crypto/BadPaddingException done
Event: 1765.742 loading class java/security/spec/InvalidKeySpecException
Event: 1765.742 loading class java/security/spec/InvalidKeySpecException done
Event: 1765.742 loading class java/security/spec/KeySpec
Event: 1765.742 loading class java/security/spec/KeySpec done
Event: 1765.742 loading class java/security/UnrecoverableKeyException
Event: 1765.743 loading class java/security/UnrecoverableEntryException
Event: 1765.743 loading class java/security/UnrecoverableEntryException done
Event: 1765.743 loading class java/security/UnrecoverableKeyException done
Event: 1765.743 loading class java/security/KeyStoreException
Event: 1765.744 loading class java/security/KeyStoreException done
Event: 1765.744 loading class java/security/KeyManagementException
Event: 1765.744 loading class java/security/KeyManagementException done
Event: 1765.744 loading class javax/net/ssl/TrustManager
Event: 1765.745 loading class javax/net/ssl/TrustManager done
Event: 1765.745 loading class javax/net/ssl/SSLSocket
Event: 1765.745 loading class javax/net/ssl/SSLSocket done


Dynamic libraries:
0x00007ff75f5f0000 - 0x00007ff75f600000 	C:\Program Files\Java\jdk-17.0.1\bin\java.exe
0x00007fffdd250000 - 0x00007fffdd448000 	C:\WINDOWS\SYSTEM32\ntdll.dll
0x00007fffdc980000 - 0x00007fffdca3f000 	C:\WINDOWS\System32\KERNEL32.DLL
0x00007fffda930000 - 0x00007fffdac26000 	C:\WINDOWS\System32\KERNELBASE.dll
0x00007fffdacc0000 - 0x00007fffdadc0000 	C:\WINDOWS\System32\ucrtbase.dll
0x00007fffb92b0000 - 0x00007fffb92ca000 	C:\Program Files\Java\jdk-17.0.1\bin\VCRUNTIME140.dll
0x00007fffb6f70000 - 0x00007fffb6f88000 	C:\Program Files\Java\jdk-17.0.1\bin\jli.dll
0x00007fffdb460000 - 0x00007fffdb50f000 	C:\WINDOWS\System32\ADVAPI32.dll
0x00007fffdb3c0000 - 0x00007fffdb45e000 	C:\WINDOWS\System32\msvcrt.dll
0x00007fffdd140000 - 0x00007fffdd1dc000 	C:\WINDOWS\System32\sechost.dll
0x00007fffdccb0000 - 0x00007fffdcdd6000 	C:\WINDOWS\System32\RPCRT4.dll
0x00007fffdb9e0000 - 0x00007fffdbb7d000 	C:\WINDOWS\System32\USER32.dll
0x00007fffdadc0000 - 0x00007fffdade2000 	C:\WINDOWS\System32\win32u.dll
0x00007fffdcad0000 - 0x00007fffdcafc000 	C:\WINDOWS\System32\GDI32.dll
0x00007fffdb190000 - 0x00007fffdb2a5000 	C:\WINDOWS\System32\gdi32full.dll
0x00007fffdb070000 - 0x00007fffdb10d000 	C:\WINDOWS\System32\msvcp_win.dll
0x00007fffc3cf0000 - 0x00007fffc3f8a000 	C:\WINDOWS\WinSxS\amd64_microsoft.windows.common-controls_6595b64144ccf1df_6.0.19041.1110_none_60b5254171f9507e\COMCTL32.dll
0x00007fffd4050000 - 0x00007fffd405a000 	C:\WINDOWS\SYSTEM32\VERSION.dll
0x00007fffdd1e0000 - 0x00007fffdd210000 	C:\WINDOWS\System32\IMM32.DLL
0x00007fffd3820000 - 0x00007fffd382c000 	C:\Program Files\Java\jdk-17.0.1\bin\vcruntime140_1.dll
0x00007fff9ac80000 - 0x00007fff9ad0d000 	C:\Program Files\Java\jdk-17.0.1\bin\msvcp140.dll
0x00007fff910c0000 - 0x00007fff91c7e000 	C:\Program Files\Java\jdk-17.0.1\bin\server\jvm.dll
0x00007fffdc8f0000 - 0x00007fffdc8f8000 	C:\WINDOWS\System32\PSAPI.DLL
0x00007fffcb500000 - 0x00007fffcb509000 	C:\WINDOWS\SYSTEM32\WSOCK32.dll
0x00007fffdca60000 - 0x00007fffdcacb000 	C:\WINDOWS\System32\WS2_32.dll
0x00007fffd1ad0000 - 0x00007fffd1af7000 	C:\WINDOWS\SYSTEM32\WINMM.dll
0x00007fffd87c0000 - 0x00007fffd87d2000 	C:\WINDOWS\SYSTEM32\kernel.appcore.dll
0x00007fffca780000 - 0x00007fffca78a000 	C:\Program Files\Java\jdk-17.0.1\bin\jimage.dll
0x00007fffd4330000 - 0x00007fffd4514000 	C:\WINDOWS\SYSTEM32\DBGHELP.DLL
0x00007fffcc0e0000 - 0x00007fffcc114000 	C:\WINDOWS\SYSTEM32\dbgcore.DLL
0x00007fffdac30000 - 0x00007fffdacb2000 	C:\WINDOWS\System32\bcryptPrimitives.dll
0x00007fffd3710000 - 0x00007fffd371e000 	C:\Program Files\Java\jdk-17.0.1\bin\instrument.dll
0x00007fffa5cc0000 - 0x00007fffa5ce5000 	C:\Program Files\Java\jdk-17.0.1\bin\java.dll
0x00007fff99820000 - 0x00007fff998f6000 	C:\Program Files\Java\jdk-17.0.1\bin\svml.dll
0x00007fffdbbe0000 - 0x00007fffdc324000 	C:\WINDOWS\System32\SHELL32.dll
0x00007fffd89c0000 - 0x00007fffd9154000 	C:\WINDOWS\SYSTEM32\windows.storage.dll
0x00007fffdcde0000 - 0x00007fffdd134000 	C:\WINDOWS\System32\combase.dll
0x00007fffda290000 - 0x00007fffda2be000 	C:\WINDOWS\SYSTEM32\Wldp.dll
0x00007fffdb2b0000 - 0x00007fffdb35d000 	C:\WINDOWS\System32\SHCORE.dll
0x00007fffdbb80000 - 0x00007fffdbbd5000 	C:\WINDOWS\System32\shlwapi.dll
0x00007fffda860000 - 0x00007fffda885000 	C:\WINDOWS\SYSTEM32\profapi.dll
0x00007fffa7120000 - 0x00007fffa7138000 	C:\Program Files\Java\jdk-17.0.1\bin\zip.dll
0x00007fffb4730000 - 0x00007fffb4749000 	C:\Program Files\Java\jdk-17.0.1\bin\net.dll
0x00007fffd3d20000 - 0x00007fffd3e2a000 	C:\WINDOWS\SYSTEM32\WINHTTP.dll
0x00007fffda070000 - 0x00007fffda0da000 	C:\WINDOWS\system32\mswsock.dll
0x00007fffa7aa0000 - 0x00007fffa7ab5000 	C:\Program Files\Java\jdk-17.0.1\bin\nio.dll
0x00007fffcd5b0000 - 0x00007fffcd5ca000 	C:\Users\lhs49\AppData\Local\JetBrains\Toolbox\apps\IDEA-C\ch-0\231.9011.34\bin\breakgen64.dll
0x00007fffda5d0000 - 0x00007fffda5e8000 	C:\WINDOWS\SYSTEM32\CRYPTSP.dll
0x00007fffd98e0000 - 0x00007fffd9914000 	C:\WINDOWS\system32\rsaenh.dll
0x00007fffdb160000 - 0x00007fffdb187000 	C:\WINDOWS\System32\bcrypt.dll
0x00007fffda820000 - 0x00007fffda84e000 	C:\WINDOWS\SYSTEM32\USERENV.dll
0x00007fffda200000 - 0x00007fffda20c000 	C:\WINDOWS\SYSTEM32\CRYPTBASE.dll
0x00007fffd9d10000 - 0x00007fffd9d4c000 	C:\WINDOWS\SYSTEM32\IPHLPAPI.DLL
0x00007fffdc710000 - 0x00007fffdc718000 	C:\WINDOWS\System32\NSI.dll
0x00007fffd4100000 - 0x00007fffd4117000 	C:\WINDOWS\SYSTEM32\dhcpcsvc6.DLL
0x00007fffd4310000 - 0x00007fffd432d000 	C:\WINDOWS\SYSTEM32\dhcpcsvc.DLL
0x00007fffd9d70000 - 0x00007fffd9e3a000 	C:\WINDOWS\SYSTEM32\DNSAPI.dll
0x00007fffcc720000 - 0x00007fffcc72e000 	C:\Program Files\Java\jdk-17.0.1\bin\sunmscapi.dll
0x00007fffdaea0000 - 0x00007fffdaffe000 	C:\WINDOWS\System32\CRYPT32.dll
0x00007fffda300000 - 0x00007fffda328000 	C:\WINDOWS\SYSTEM32\ncrypt.dll
0x00007fffda2c0000 - 0x00007fffda2fb000 	C:\WINDOWS\SYSTEM32\NTASN1.dll
0x00007fffd3700000 - 0x00007fffd3709000 	C:\Program Files\Java\jdk-17.0.1\bin\management.dll
0x00007fffd3650000 - 0x00007fffd365b000 	C:\Program Files\Java\jdk-17.0.1\bin\management_ext.dll
0x00007fffcafe0000 - 0x00007fffcafea000 	C:\Windows\System32\rasadhlp.dll
0x00007fffcd3b0000 - 0x00007fffcd432000 	C:\WINDOWS\System32\fwpuclnt.dll
0x00007fffbab20000 - 0x00007fffbab30000 	C:\Program Files\Java\jdk-17.0.1\bin\verify.dll
0x00007fffc5b60000 - 0x00007fffc5b67000 	C:\WINDOWS\system32\wshunix.dll

dbghelp: loaded successfully - version: 4.0.5 - missing functions: none
symbol engine: initialized successfully - sym options: 0x614 - pdb path: .;C:\Program Files\Java\jdk-17.0.1\bin;C:\WINDOWS\SYSTEM32;C:\WINDOWS\WinSxS\amd64_microsoft.windows.common-controls_6595b64144ccf1df_6.0.19041.1110_none_60b5254171f9507e;C:\Program Files\Java\jdk-17.0.1\bin\server;C:\Users\lhs49\AppData\Local\JetBrains\Toolbox\apps\IDEA-C\ch-0\231.9011.34\bin

VM Arguments:
jvm_args: -javaagent:C:\Users\lhs49\AppData\Local\JetBrains\Toolbox\apps\IDEA-C\ch-0\231.9011.34\lib\idea_rt.jar=49413:C:\Users\lhs49\AppData\Local\JetBrains\Toolbox\apps\IDEA-C\ch-0\231.9011.34\bin -Dfile.encoding=UTF-8 
java_command: com.familyfirstsoftware.Spring.Portfolio.Backend.SpringPortfolioBackendApplication
java_class_path (initial): C:\Users\lhs49\Desktop\Playspace\Full Stack Portfolio - FFS\Spring Backend\spring-boot-fullstack-portfolio\Spring-Portfolio-Backend\target\classes;C:\Users\lhs49\.m2\repository\org\springframework\boot\spring-boot-starter-data-jpa\3.1.2\spring-boot-starter-data-jpa-3.1.2.jar;C:\Users\lhs49\.m2\repository\org\springframework\boot\spring-boot-starter-aop\3.1.2\spring-boot-starter-aop-3.1.2.jar;C:\Users\lhs49\.m2\repository\org\springframework\spring-aop\6.0.11\spring-aop-6.0.11.jar;C:\Users\lhs49\.m2\repository\org\aspectj\aspectjweaver\1.9.19\aspectjweaver-1.9.19.jar;C:\Users\lhs49\.m2\repository\org\springframework\boot\spring-boot-starter-jdbc\3.1.2\spring-boot-starter-jdbc-3.1.2.jar;C:\Users\lhs49\.m2\repository\com\zaxxer\HikariCP\5.0.1\HikariCP-5.0.1.jar;C:\Users\lhs49\.m2\repository\org\springframework\spring-jdbc\6.0.11\spring-jdbc-6.0.11.jar;C:\Users\lhs49\.m2\repository\org\hibernate\orm\hibernate-core\6.2.6.Final\hibernate-core-6.2.6.Final.jar;C:\Users\lhs49\.m2\repository\jakarta\persistence\jakarta.persistence-api\3.1.0\jakarta.persistence-api-3.1.0.jar;C:\Users\lhs49\.m2\repository\jakarta\transaction\jakarta.transaction-api\2.0.1\jakarta.transaction-api-2.0.1.jar;C:\Users\lhs49\.m2\repository\org\jboss\logging\jboss-logging\3.5.3.Final\jboss-logging-3.5.3.Final.jar;C:\Users\lhs49\.m2\repository\org\hibernate\common\hibernate-commons-annotations\6.0.6.Final\hibernate-commons-annotations-6.0.6.Final.jar;C:\Users\lhs49\.m2\repository\io\smallrye\jandex\3.0.5\jandex-3.0.5.jar;C:\Users\lhs49\.m2\repository\com\fasterxml\classmate\1.5.1\classmate-1.5.1.jar;C:\Users\lhs49\.m2\repository\net\bytebuddy\byte-buddy\1.14.5\byte-buddy-1.14.5.jar;C:\Users\lhs49\.m2\repository\org\glassfish\jaxb\jaxb-runtime\4.0.3\jaxb-runtime-4.0.3.jar;C:\Users\lhs49\.m2\repository\org\glassfish\jaxb\jaxb-core\4.0.3\jaxb-core-4.0.3.jar;C:\Users\lhs49\.m2\repository\org\eclipse\angus\angus-activation\2.0.1\angus-activation-2.0.1.jar;C:\Users\lhs49\.m2\repo
Launcher Type: SUN_STANDARD

[Global flags]
     intx CICompilerCount                          = 4                                         {product} {ergonomic}
     uint ConcGCThreads                            = 2                                         {product} {ergonomic}
     uint G1ConcRefinementThreads                  = 8                                         {product} {ergonomic}
   size_t G1HeapRegionSize                         = 2097152                                   {product} {ergonomic}
    uintx GCDrainStackTargetSize                   = 64                                        {product} {ergonomic}
   size_t InitialHeapSize                          = 268435456                                 {product} {ergonomic}
   size_t MarkStackSize                            = 4194304                                   {product} {ergonomic}
   size_t MaxHeapSize                              = 4282384384                                {product} {ergonomic}
   size_t MaxNewSize                               = 2569011200                                {product} {ergonomic}
   size_t MinHeapDeltaBytes                        = 2097152                                   {product} {ergonomic}
   size_t MinHeapSize                              = 8388608                                   {product} {ergonomic}
    uintx NonNMethodCodeHeapSize                   = 5839372                                {pd product} {ergonomic}
    uintx NonProfiledCodeHeapSize                  = 122909434                              {pd product} {ergonomic}
    uintx ProfiledCodeHeapSize                     = 122909434                              {pd product} {ergonomic}
    uintx ReservedCodeCacheSize                    = 251658240                              {pd product} {ergonomic}
     bool SegmentedCodeCache                       = true                                      {product} {ergonomic}
   size_t SoftMaxHeapSize                          = 4282384384                             {manageable} {ergonomic}
     bool UseCompressedClassPointers               = true                           {product lp64_product} {ergonomic}
     bool UseCompressedOops                        = true                           {product lp64_product} {ergonomic}
     bool UseG1GC                                  = true                                      {product} {ergonomic}
     bool UseLargePagesIndividualAllocation        = false                                  {pd product} {ergonomic}

Logging:
Log output configuration:
 #0: stdout all=warning uptime,level,tags
 #1: stderr all=off uptime,level,tags

Environment Variables:
JAVA_HOME=C:\Program Files\Java\jdk-17.0.1
PATH=C:\Python311\Scripts\;C:\Python311\;C:\Program Files\Common Files\Oracle\Java\javapath;R:\Programing\apache-maven-3.6.0\bin;C:\Program Files\Java\jdk1.8.0_171\bin;R:\Programing\gradle-5.3\bin;C:\Program Files (x86)\NVIDIA Corporation\PhysX\Common;C:\Program Files (x86)\Common Files\Oracle\Java\javapath;C:\WINDOWS\system32;C:\WINDOWS;C:\WINDOWS\System32\Wbem;C:\WINDOWS\System32\WindowsPowerShell\v1.0\;C:\WINDOWS\System32\OpenSSH\;C:\Program Files (x86)\gnupg\bin;C:\Program Files (x86)\GNU\GnuPG\pub;C:\Program Files (x86)\Common Files\Acronis\SnapAPI\;C:\Program Files\SourceGear\Common\DiffMerge\;C:\Program Files\Git\cmd;C:\ProgramData\chocolatey\bin;;C:\Program Files\Docker\Docker\resources\bin;C:\ProgramData\DockerDesktop\version-bin;C:\Program Files\nodejs\;C:\Users\lhs49\AppData\Local\Microsoft\WindowsApps;C:\Users\lhs49\AppData\Local\GitHubDesktop\bin;C:\Users\lhs49\AppData\Local\atom\bin;C:\Users\lhs49\AppData\Local\Microsoft\WindowsApps;C:\Program Files\Java\jdk-13.0.1;C:\Users\lhs49\AppData\Local\Programs\Microsoft VS Code\bin;C:\Program Files\JetBrains\IntelliJ IDEA Community Edition 2021.3\bin;C:\Users\lhs49\AppData\Roaming\npm;C:\Users\lhs49\AppData\Local\gitkraken\bin;C:\Users\lhs49\AppData\Local\JetBrains\Toolbox\scripts;
USERNAME=lhs49
OS=Windows_NT
PROCESSOR_IDENTIFIER=Intel64 Family 6 Model 158 Stepping 9, GenuineIntel



---------------  S Y S T E M  ---------------

OS:
 Windows 10 , 64 bit Build 19041 (10.0.19041.3155)
OS uptime: 3 days 17:40 hours
Hyper-V role detected

CPU: total 8 (initial active 8) (4 cores per cpu, 2 threads per core) family 6 model 158 stepping 9 microcode 0xb4, cx8, cmov, fxsr, ht, mmx, 3dnowpref, sse, sse2, sse3, ssse3, sse4.1, sse4.2, popcnt, lzcnt, tsc, tscinvbit, avx, avx2, aes, erms, clmul, bmi1, bmi2, rtm, adx, fma, vzeroupper, clflush, clflushopt, hv

Memory: 4k page, system-wide physical 16328M (8721M free)
TotalPageFile size 50932M (AvailPageFile size 1M)
current process WorkingSet (physical memory assigned to process): 68M, peak: 262M
current process commit charge ("private bytes"): 247M, peak: 428M

vm_info: Java HotSpot(TM) 64-Bit Server VM (17.0.1+12-LTS-39) for windows-amd64 JRE (17.0.1+12-LTS-39), built on Sep 27 2021 18:41:35 by "mach5one" with MS VC++ 16.8 (VS2019)

END.
